{
  "stats": {
    "suites": 1,
    "tests": 1,
    "passes": 1,
    "pending": 0,
    "failures": 0,
    "start": "2024-11-01T03:10:34.199Z",
    "end": "2024-11-01T03:10:41.049Z",
    "duration": 6850,
    "testsRegistered": 1,
    "passPercent": 100,
    "pendingPercent": 0,
    "other": 0,
    "hasOther": false,
    "skipped": 0,
    "hasSkipped": false
  },
  "results": [
    {
      "uuid": "36a8cc3e-e8aa-4557-bbbd-582978e9961e",
      "title": "",
      "fullFile": "cypress\\e2e\\spec\\list-products.cy.js",
      "file": "cypress\\e2e\\spec\\list-products.cy.js",
      "beforeHooks": [],
      "afterHooks": [],
      "tests": [],
      "suites": [
        {
          "uuid": "99c3d3e2-4ae7-4bd7-992a-18a0ec78bf98",
          "title": "list-products",
          "fullFile": "",
          "file": "",
          "beforeHooks": [],
          "afterHooks": [],
          "tests": [
            {
              "title": "Visualizar lista dos produtos",
              "fullTitle": "list-products Visualizar lista dos produtos",
              "timedOut": null,
              "duration": 6724,
              "state": "passed",
              "speed": "medium",
              "pass": true,
              "fail": false,
              "pending": false,
              "context": null,
              "code": "//ação de clicar e ir lista dos usuários\nhomePage.clicarBtnListarProdutos();\ncy.contains('h1', \"Lista dos Produtos\");\ncy.contains('th', \"Nome\");\ncy.contains('th', \"Preço\");\ncy.contains('th', \"Descrição\");\ncy.contains('th', \"Quantidade\");\ncy.contains('th', \"Ações\");\nlistProductsPage.validarBtnExcluirProdutos().should('be.visible');\nhomePage.validarURL().should('contain', '/admin/listarprodutos');",
              "err": {},
              "uuid": "c8247ccc-c60a-41f0-ba52-c28960373eee",
              "parentUUID": "99c3d3e2-4ae7-4bd7-992a-18a0ec78bf98",
              "isHook": false,
              "skipped": false
            }
          ],
          "suites": [],
          "passes": [
            "c8247ccc-c60a-41f0-ba52-c28960373eee"
          ],
          "failures": [],
          "pending": [],
          "skipped": [],
          "duration": 6724,
          "root": false,
          "rootEmpty": false,
          "_timeout": 2000
        }
      ],
      "passes": [],
      "failures": [],
      "pending": [],
      "skipped": [],
      "duration": 0,
      "root": true,
      "rootEmpty": true,
      "_timeout": 2000
    }
  ],
  "meta": {
    "mocha": {
      "version": "7.0.1"
    },
    "mochawesome": {
      "options": {
        "quiet": false,
        "reportFilename": "report",
        "saveHtml": true,
        "saveJson": true,
        "consoleReporter": "spec",
        "useInlineDiffs": false,
        "code": true
      },
      "version": "7.1.3"
    },
    "marge": {
      "options": {
        "reportDir": "cypress/reports/mochawesome-report",
        "overwrite": false,
        "html": true,
        "json": true,
        "charts": true,
        "reportFilename": "report",
        "timestamp": "mmddyyyy_HHMMss",
        "inlineAssets": true,
        "autoOpen": true,
        "reportPageTitle": "Relatório de execução de testes frontend",
        "embeddedScreenshots": true
      },
      "version": "6.2.0"
    }
  }
}